<?xml version="1.0" encoding="UTF-8"?>
<testng-results skipped="0" failed="0" total="1" passed="1">
  <reporter-output>
  </reporter-output>
  <suite name="Smoke Test" duration-ms="37847" started-at="2017-09-17T10:43:18Z" finished-at="2017-09-17T10:43:56Z">
    <groups>
    </groups>
    <test name="Smoke Testcases" duration-ms="37847" started-at="2017-09-17T10:43:18Z" finished-at="2017-09-17T10:43:56Z">
      <class name="MobileCloudComputing.startappium">
        <test-method status="PASS" signature="appium()[pri:0, instance:MobileCloudComputing.startappium@13805618]" name="appium" is-config="true" duration-ms="11" started-at="2017-09-17T13:43:18Z" finished-at="2017-09-17T13:43:18Z">
          <reporter-output>
          </reporter-output>
        </test-method> <!-- appium -->
        <test-method status="PASS" signature="killappium()[pri:0, instance:MobileCloudComputing.startappium@13805618]" name="killappium" is-config="true" duration-ms="1" started-at="2017-09-17T13:43:56Z" finished-at="2017-09-17T13:43:56Z">
          <reporter-output>
          </reporter-output>
        </test-method> <!-- killappium -->
      </class> <!-- MobileCloudComputing.startappium -->
      <class name="MobileCloudComputing.AppTest">
        <test-method status="PASS" signature="VisionExerciseTest()[pri:0, instance:MobileCloudComputing.AppTest@56ef9176]" name="VisionExerciseTest" duration-ms="37828" started-at="2017-09-17T13:43:18Z" finished-at="2017-09-17T13:43:56Z">
          <reporter-output>
          </reporter-output>
        </test-method> <!-- VisionExerciseTest -->
      </class> <!-- MobileCloudComputing.AppTest -->
    </test> <!-- Smoke Testcases -->
  </suite> <!-- Smoke Test -->
</testng-results>
