<?xml version="1.0" encoding="UTF-8"?>
<!-- Generated by org.testng.reporters.JUnitXMLReporter -->
<testsuite hostname="cs-114" name="Command line test" tests="1" failures="1" timestamp="27 Sep 2017 06:42:45 GMT" time="23.829" errors="0">
  <testcase name="QRCodeTest" time="11.674" classname="MobileCloudComputing.AppTest">
    <failure type="java.lang.AssertionError" message="null">
      <![CDATA[java.lang.AssertionError: null
	at MobileCloudComputing.AppTest.QRCodeTest(AppTest.java:89)
... Removed 34 stack frames]]>
    </failure>
  </testcase> <!-- QRCodeTest -->
</testsuite> <!-- Command line test -->
