<?xml version="1.0" encoding="UTF-8"?>
<testng-results skipped="0" failed="0" total="1" passed="1">
  <reporter-output>
  </reporter-output>
  <suite name="Smoke Test" duration-ms="30254" started-at="2017-09-06T14:21:56Z" finished-at="2017-09-06T14:22:27Z">
    <groups>
    </groups>
    <test name="Smoke Testcases" duration-ms="30254" started-at="2017-09-06T14:21:56Z" finished-at="2017-09-06T14:22:27Z">
      <class name="MobileCloudComputing.startappium">
        <test-method status="PASS" signature="appium()[pri:0, instance:MobileCloudComputing.startappium@4566e5bd]" name="appium" is-config="true" duration-ms="13" started-at="2017-09-06T17:21:56Z" finished-at="2017-09-06T17:21:56Z">
          <reporter-output>
          </reporter-output>
        </test-method> <!-- appium -->
        <test-method status="PASS" signature="killappium()[pri:0, instance:MobileCloudComputing.startappium@4566e5bd]" name="killappium" is-config="true" duration-ms="1" started-at="2017-09-06T17:22:27Z" finished-at="2017-09-06T17:22:27Z">
          <reporter-output>
          </reporter-output>
        </test-method> <!-- killappium -->
      </class> <!-- MobileCloudComputing.startappium -->
      <class name="MobileCloudComputing.AppTest">
        <test-method status="PASS" signature="ImageExerciseTest()[pri:0, instance:MobileCloudComputing.AppTest@1ed4004b]" name="ImageExerciseTest" duration-ms="30235" started-at="2017-09-06T17:21:56Z" finished-at="2017-09-06T17:22:27Z">
          <reporter-output>
          </reporter-output>
        </test-method> <!-- ImageExerciseTest -->
      </class> <!-- MobileCloudComputing.AppTest -->
    </test> <!-- Smoke Testcases -->
  </suite> <!-- Smoke Test -->
</testng-results>
