<?xml version="1.0" encoding="UTF-8"?>
<testng-results skipped="0" failed="0" total="1" passed="1">
  <reporter-output>
  </reporter-output>
  <suite name="Smoke Test" duration-ms="45460" started-at="2017-09-27T13:34:58Z" finished-at="2017-09-27T13:35:44Z">
    <groups>
    </groups>
    <test name="Smoke Testcases" duration-ms="45460" started-at="2017-09-27T13:34:58Z" finished-at="2017-09-27T13:35:44Z">
      <class name="MobileCloudComputing.startappium">
        <test-method status="PASS" signature="appium()[pri:0, instance:MobileCloudComputing.startappium@7c16905e]" name="appium" is-config="true" duration-ms="6" started-at="2017-09-27T13:34:58Z" finished-at="2017-09-27T13:34:58Z">
          <reporter-output>
          </reporter-output>
        </test-method> <!-- appium -->
      </class> <!-- MobileCloudComputing.startappium -->
      <class name="MobileCloudComputing.AppTest">
        <test-method status="PASS" signature="InstallAPK()[pri:0, instance:MobileCloudComputing.AppTest@2a2d45ba]" name="InstallAPK" is-config="true" duration-ms="33419" started-at="2017-09-27T13:34:58Z" finished-at="2017-09-27T13:35:32Z">
          <reporter-output>
          </reporter-output>
        </test-method> <!-- InstallAPK -->
        <test-method status="PASS" signature="QRCodeTest()[pri:0, instance:MobileCloudComputing.AppTest@2a2d45ba]" name="QRCodeTest" duration-ms="12034" started-at="2017-09-27T13:35:32Z" description="Enter a text into the form and verify that the QR contains exactly that information." finished-at="2017-09-27T13:35:44Z">
          <reporter-output>
          </reporter-output>
        </test-method> <!-- QRCodeTest -->
        <test-method status="PASS" signature="closeDriver()[pri:0, instance:MobileCloudComputing.AppTest@2a2d45ba]" name="closeDriver" is-config="true" duration-ms="2118" started-at="2017-09-27T13:35:44Z" finished-at="2017-09-27T13:35:46Z">
          <reporter-output>
          </reporter-output>
        </test-method> <!-- closeDriver -->
        <test-method status="PASS" signature="killappium()[pri:0, instance:MobileCloudComputing.startappium@7c16905e]" name="killappium" is-config="true" duration-ms="0" started-at="2017-09-27T13:35:46Z" finished-at="2017-09-27T13:35:46Z">
          <reporter-output>
          </reporter-output>
        </test-method> <!-- killappium -->
      </class> <!-- MobileCloudComputing.AppTest -->
    </test> <!-- Smoke Testcases -->
  </suite> <!-- Smoke Test -->
</testng-results>
